Error: getaddrinfo ENOTFOUND -p
    at GetAddrInfoReqWrap.onlookup [as oncomplete] (node:dns:109:26)
Error: getaddrinfo ENOTFOUND -p
    at GetAddrInfoReqWrap.onlookup [as oncomplete] (node:dns:109:26)
Error: getaddrinfo ENOTFOUND -p
    at GetAddrInfoReqWrap.onlookup [as oncomplete] (node:dns:109:26)
Error: getaddrinfo ENOTFOUND -p
    at GetAddrInfoReqWrap.onlookup [as oncomplete] (node:dns:109:26)
Error: getaddrinfo ENOTFOUND -p
    at GetAddrInfoReqWrap.onlookup [as oncomplete] (node:dns:109:26)
Error: getaddrinfo ENOTFOUND -p
    at GetAddrInfoReqWrap.onlookup [as oncomplete] (node:dns:109:26)
Error: getaddrinfo ENOTFOUND -p
    at GetAddrInfoReqWrap.onlookup [as oncomplete] (node:dns:109:26)
Error: getaddrinfo ENOTFOUND -p
    at GetAddrInfoReqWrap.onlookup [as oncomplete] (node:dns:109:26)
Error: getaddrinfo ENOTFOUND -p
    at GetAddrInfoReqWrap.onlookup [as oncomplete] (node:dns:109:26)
Error: getaddrinfo ENOTFOUND -p
    at GetAddrInfoReqWrap.onlookup [as oncomplete] (node:dns:109:26)
Error: getaddrinfo ENOTFOUND -p
    at GetAddrInfoReqWrap.onlookup [as oncomplete] (node:dns:109:26)
Error: getaddrinfo ENOTFOUND -p
    at GetAddrInfoReqWrap.onlookup [as oncomplete] (node:dns:109:26)
Error: getaddrinfo ENOTFOUND -p
    at GetAddrInfoReqWrap.onlookup [as oncomplete] (node:dns:109:26)
Error: getaddrinfo ENOTFOUND -p
    at GetAddrInfoReqWrap.onlookup [as oncomplete] (node:dns:109:26)
Error: getaddrinfo ENOTFOUND -p
    at GetAddrInfoReqWrap.onlookup [as oncomplete] (node:dns:109:26)
Error: getaddrinfo ENOTFOUND -p
    at GetAddrInfoReqWrap.onlookup [as oncomplete] (node:dns:109:26)
Error: getaddrinfo ENOTFOUND -p
    at GetAddrInfoReqWrap.onlookup [as oncomplete] (node:dns:109:26)
Error: getaddrinfo ENOTFOUND -p
    at GetAddrInfoReqWrap.onlookup [as oncomplete] (node:dns:109:26)
Error: getaddrinfo ENOTFOUND -p
    at GetAddrInfoReqWrap.onlookup [as oncomplete] (node:dns:109:26)
Error: getaddrinfo ENOTFOUND -p
    at GetAddrInfoReqWrap.onlookup [as oncomplete] (node:dns:109:26)
Error: getaddrinfo ENOTFOUND -p
    at GetAddrInfoReqWrap.onlookup [as oncomplete] (node:dns:109:26)
Error: getaddrinfo ENOTFOUND -p
    at GetAddrInfoReqWrap.onlookup [as oncomplete] (node:dns:109:26)
Error: getaddrinfo ENOTFOUND -p
    at GetAddrInfoReqWrap.onlookup [as oncomplete] (node:dns:109:26)
Error: getaddrinfo ENOTFOUND -p
    at GetAddrInfoReqWrap.onlookup [as oncomplete] (node:dns:109:26)
Error: getaddrinfo ENOTFOUND -p
    at GetAddrInfoReqWrap.onlookup [as oncomplete] (node:dns:109:26)
Error: getaddrinfo ENOTFOUND -p
    at GetAddrInfoReqWrap.onlookup [as oncomplete] (node:dns:109:26)
Error: getaddrinfo ENOTFOUND -p
    at GetAddrInfoReqWrap.onlookup [as oncomplete] (node:dns:109:26)
Error: getaddrinfo ENOTFOUND -p
    at GetAddrInfoReqWrap.onlookup [as oncomplete] (node:dns:109:26)
Error: getaddrinfo ENOTFOUND -p
    at GetAddrInfoReqWrap.onlookup [as oncomplete] (node:dns:109:26)
Error: getaddrinfo ENOTFOUND -p
    at GetAddrInfoReqWrap.onlookup [as oncomplete] (node:dns:109:26)
Error: getaddrinfo ENOTFOUND -p
    at GetAddrInfoReqWrap.onlookup [as oncomplete] (node:dns:109:26)
Error: getaddrinfo ENOTFOUND -p
    at GetAddrInfoReqWrap.onlookup [as oncomplete] (node:dns:109:26)
Error: getaddrinfo ENOTFOUND -p
    at GetAddrInfoReqWrap.onlookup [as oncomplete] (node:dns:109:26)
Error: getaddrinfo ENOTFOUND -p
    at GetAddrInfoReqWrap.onlookup [as oncomplete] (node:dns:109:26)
Error: getaddrinfo ENOTFOUND -p
    at GetAddrInfoReqWrap.onlookup [as oncomplete] (node:dns:109:26)
Error: getaddrinfo ENOTFOUND -p
    at GetAddrInfoReqWrap.onlookup [as oncomplete] (node:dns:109:26)
Error: getaddrinfo ENOTFOUND -p
    at GetAddrInfoReqWrap.onlookup [as oncomplete] (node:dns:109:26)
2025-06-04T02:57:51: Error: getaddrinfo ENOTFOUND -p
2025-06-04T02:57:51:     at GetAddrInfoReqWrap.onlookup [as oncomplete] (node:dns:109:26) {
2025-06-04T02:57:51:   errno: -3008,
2025-06-04T02:57:51:   code: 'ENOTFOUND',
2025-06-04T02:57:51:   syscall: 'getaddrinfo',
2025-06-04T02:57:51:   hostname: '-p'
2025-06-04T02:57:51: }
2025-06-04T02:57:56: Error: getaddrinfo ENOTFOUND -p
2025-06-04T02:57:56:     at GetAddrInfoReqWrap.onlookup [as oncomplete] (node:dns:109:26) {
2025-06-04T02:57:56:   errno: -3008,
2025-06-04T02:57:56:   code: 'ENOTFOUND',
2025-06-04T02:57:56:   syscall: 'getaddrinfo',
2025-06-04T02:57:56:   hostname: '-p'
2025-06-04T02:57:56: }
2025-06-04T02:58:02: Error: getaddrinfo ENOTFOUND -p
2025-06-04T02:58:02:     at GetAddrInfoReqWrap.onlookup [as oncomplete] (node:dns:109:26) {
2025-06-04T02:58:02:   errno: -3008,
2025-06-04T02:58:02:   code: 'ENOTFOUND',
2025-06-04T02:58:02:   syscall: 'getaddrinfo',
2025-06-04T02:58:02:   hostname: '-p'
2025-06-04T02:58:02: }
2025-06-04T02:58:07: Error: getaddrinfo ENOTFOUND -p
2025-06-04T02:58:07:     at GetAddrInfoReqWrap.onlookup [as oncomplete] (node:dns:109:26) {
2025-06-04T02:58:07:   errno: -3008,
2025-06-04T02:58:07:   code: 'ENOTFOUND',
2025-06-04T02:58:07:   syscall: 'getaddrinfo',
2025-06-04T02:58:07:   hostname: '-p'
2025-06-04T02:58:07: }
2025-06-04T02:58:13: Error: getaddrinfo ENOTFOUND -p
2025-06-04T02:58:13:     at GetAddrInfoReqWrap.onlookup [as oncomplete] (node:dns:109:26) {
2025-06-04T02:58:13:   errno: -3008,
2025-06-04T02:58:13:   code: 'ENOTFOUND',
2025-06-04T02:58:13:   syscall: 'getaddrinfo',
2025-06-04T02:58:13:   hostname: '-p'
2025-06-04T02:58:13: }
2025-06-04T02:59:54: Error [ERR_REQUIRE_ESM]: require() of ES Module /usr/local/lib/node_modules/serve/build/main.js not supported.
2025-06-04T02:59:54: Instead change the require of main.js in null to a dynamic import() which is available in all CommonJS modules.
2025-06-04T02:59:54:     at Object.<anonymous> (/usr/local/lib/node_modules/pm2/lib/ProcessContainerFork.js:33:23) {
2025-06-04T02:59:54:   code: 'ERR_REQUIRE_ESM'
2025-06-04T02:59:54: }
2025-06-04T02:59:59: Error [ERR_REQUIRE_ESM]: require() of ES Module /usr/local/lib/node_modules/serve/build/main.js not supported.
2025-06-04T02:59:59: Instead change the require of main.js in null to a dynamic import() which is available in all CommonJS modules.
2025-06-04T02:59:59:     at Object.<anonymous> (/usr/local/lib/node_modules/pm2/lib/ProcessContainerFork.js:33:23) {
2025-06-04T02:59:59:   code: 'ERR_REQUIRE_ESM'
2025-06-04T02:59:59: }
2025-06-04T03:00:05: Error [ERR_REQUIRE_ESM]: require() of ES Module /usr/local/lib/node_modules/serve/build/main.js not supported.
2025-06-04T03:00:05: Instead change the require of main.js in null to a dynamic import() which is available in all CommonJS modules.
2025-06-04T03:00:05:     at Object.<anonymous> (/usr/local/lib/node_modules/pm2/lib/ProcessContainerFork.js:33:23) {
2025-06-04T03:00:05:   code: 'ERR_REQUIRE_ESM'
2025-06-04T03:00:05: }
2025-06-04T03:00:10: Error [ERR_REQUIRE_ESM]: require() of ES Module /usr/local/lib/node_modules/serve/build/main.js not supported.
2025-06-04T03:00:10: Instead change the require of main.js in null to a dynamic import() which is available in all CommonJS modules.
2025-06-04T03:00:10:     at Object.<anonymous> (/usr/local/lib/node_modules/pm2/lib/ProcessContainerFork.js:33:23) {
2025-06-04T03:00:10:   code: 'ERR_REQUIRE_ESM'
2025-06-04T03:00:10: }
2025-06-04T03:00:16: Error [ERR_REQUIRE_ESM]: require() of ES Module /usr/local/lib/node_modules/serve/build/main.js not supported.
2025-06-04T03:00:16: Instead change the require of main.js in null to a dynamic import() which is available in all CommonJS modules.
2025-06-04T03:00:16:     at Object.<anonymous> (/usr/local/lib/node_modules/pm2/lib/ProcessContainerFork.js:33:23) {
2025-06-04T03:00:16:   code: 'ERR_REQUIRE_ESM'
2025-06-04T03:00:16: }
2025-06-04T03:02:20: Error [ERR_REQUIRE_ESM]: require() of ES Module /usr/local/lib/node_modules/serve/build/main.js not supported.
2025-06-04T03:02:20: Instead change the require of main.js in null to a dynamic import() which is available in all CommonJS modules.
2025-06-04T03:02:20:     at Object.<anonymous> (/usr/local/lib/node_modules/pm2/lib/ProcessContainerFork.js:33:23) {
2025-06-04T03:02:20:   code: 'ERR_REQUIRE_ESM'
2025-06-04T03:02:20: }
2025-06-04T03:02:25: Error [ERR_REQUIRE_ESM]: require() of ES Module /usr/local/lib/node_modules/serve/build/main.js not supported.
2025-06-04T03:02:25: Instead change the require of main.js in null to a dynamic import() which is available in all CommonJS modules.
2025-06-04T03:02:25:     at Object.<anonymous> (/usr/local/lib/node_modules/pm2/lib/ProcessContainerFork.js:33:23) {
2025-06-04T03:02:25:   code: 'ERR_REQUIRE_ESM'
2025-06-04T03:02:25: }
2025-06-04T03:02:30: Error [ERR_REQUIRE_ESM]: require() of ES Module /usr/local/lib/node_modules/serve/build/main.js not supported.
2025-06-04T03:02:30: Instead change the require of main.js in null to a dynamic import() which is available in all CommonJS modules.
2025-06-04T03:02:30:     at Object.<anonymous> (/usr/local/lib/node_modules/pm2/lib/ProcessContainerFork.js:33:23) {
2025-06-04T03:02:30:   code: 'ERR_REQUIRE_ESM'
2025-06-04T03:02:30: }
2025-06-04T03:02:36: Error [ERR_REQUIRE_ESM]: require() of ES Module /usr/local/lib/node_modules/serve/build/main.js not supported.
2025-06-04T03:02:36: Instead change the require of main.js in null to a dynamic import() which is available in all CommonJS modules.
2025-06-04T03:02:36:     at Object.<anonymous> (/usr/local/lib/node_modules/pm2/lib/ProcessContainerFork.js:33:23) {
2025-06-04T03:02:36:   code: 'ERR_REQUIRE_ESM'
2025-06-04T03:02:36: }
2025-06-04T03:02:41: Error [ERR_REQUIRE_ESM]: require() of ES Module /usr/local/lib/node_modules/serve/build/main.js not supported.
2025-06-04T03:02:41: Instead change the require of main.js in null to a dynamic import() which is available in all CommonJS modules.
2025-06-04T03:02:41:     at Object.<anonymous> (/usr/local/lib/node_modules/pm2/lib/ProcessContainerFork.js:33:23) {
2025-06-04T03:02:41:   code: 'ERR_REQUIRE_ESM'
2025-06-04T03:02:41: }
2025-06-04T03:03:33:  INFO  Accepting connections at http://localhost:5173
2025-06-04T03:04:38: 
2025-06-04T03:04:38:  INFO  Gracefully shutting down. Please wait...
2025-06-04T03:04:42: UPDATE AVAILABLE The latest version of `serve` is 14.2.4
2025-06-04T03:04:42: INFO: Accepting connections at http://localhost:5173
2025-06-04T03:38:41: 
2025-06-04T03:38:41: INFO: Gracefully shutting down. Please wait...
2025-06-04T03:38:43: UPDATE AVAILABLE The latest version of `serve` is 14.2.4
2025-06-04T03:38:43: INFO: Accepting connections at http://localhost:5173
2025-06-04T13:23:23: 
2025-06-04T13:23:23: INFO: Gracefully shutting down. Please wait...
2025-06-04T13:23:26: UPDATE AVAILABLE The latest version of `serve` is 14.2.4
2025-06-04T13:23:26: INFO: Accepting connections at http://localhost:5173
2025-06-04T13:35:51: 
2025-06-04T13:35:51: INFO: Gracefully shutting down. Please wait...
2025-06-04T13:35:53: UPDATE AVAILABLE The latest version of `serve` is 14.2.4
2025-06-04T13:35:53: INFO: Accepting connections at http://localhost:5173
2025-06-04T13:36:12: 
2025-06-04T13:36:12: INFO: Gracefully shutting down. Please wait...
2025-06-04T13:36:14: UPDATE AVAILABLE The latest version of `serve` is 14.2.4
2025-06-04T13:36:15: INFO: Accepting connections at http://localhost:5173
2025-06-04T13:37:12: 
2025-06-04T13:37:12: INFO: Gracefully shutting down. Please wait...
2025-06-04T13:37:42: UPDATE AVAILABLE The latest version of `serve` is 14.2.4
2025-06-04T13:37:42: INFO: Accepting connections at http://localhost:5173
2025-06-04T13:39:36: 
2025-06-04T13:39:36: INFO: Gracefully shutting down. Please wait...
2025-06-04T13:39:37: UPDATE AVAILABLE The latest version of `serve` is 14.2.4
2025-06-04T13:39:37: INFO: Accepting connections at http://localhost:5173
2025-06-04T13:39:43: 
2025-06-04T13:39:43: INFO: Gracefully shutting down. Please wait...
2025-06-04T13:39:45: UPDATE AVAILABLE The latest version of `serve` is 14.2.4
2025-06-04T13:39:45: INFO: Accepting connections at http://localhost:5173
2025-06-04T13:42:44: 
2025-06-04T13:42:44: INFO: Gracefully shutting down. Please wait...
2025-06-04T13:42:46: UPDATE AVAILABLE The latest version of `serve` is 14.2.4
2025-06-04T13:42:46: INFO: Accepting connections at http://localhost:5173
2025-06-04T13:50:38: 
2025-06-04T13:50:38: INFO: Gracefully shutting down. Please wait...
2025-06-04T13:50:40: UPDATE AVAILABLE The latest version of `serve` is 14.2.4
2025-06-04T13:50:40: INFO: Accepting connections at http://localhost:5173
2025-06-04T13:53:57: 
2025-06-04T13:53:57: INFO: Gracefully shutting down. Please wait...
2025-06-04T13:53:59: UPDATE AVAILABLE The latest version of `serve` is 14.2.4
2025-06-04T13:53:59: INFO: Accepting connections at http://localhost:5173
2025-06-04T13:54:37: 
2025-06-04T13:54:37: INFO: Gracefully shutting down. Please wait...
2025-06-04T13:54:38: UPDATE AVAILABLE The latest version of `serve` is 14.2.4
2025-06-04T13:54:38: INFO: Accepting connections at http://localhost:5173
2025-06-04T13:59:05: 
2025-06-04T13:59:05: INFO: Gracefully shutting down. Please wait...
2025-06-04T13:59:06: UPDATE AVAILABLE The latest version of `serve` is 14.2.4
2025-06-04T13:59:06: INFO: Accepting connections at http://localhost:5173
2025-06-04T14:10:26: 
2025-06-04T14:10:26: INFO: Gracefully shutting down. Please wait...
2025-06-04T14:10:27: UPDATE AVAILABLE The latest version of `serve` is 14.2.4
2025-06-04T14:10:28: INFO: Accepting connections at http://localhost:5173
2025-06-04T14:25:26: 
2025-06-04T14:25:26: INFO: Gracefully shutting down. Please wait...
2025-06-04T14:25:28: UPDATE AVAILABLE The latest version of `serve` is 14.2.4
2025-06-04T14:25:28: INFO: Accepting connections at http://localhost:5173
2025-06-04T14:28:36: 
2025-06-04T14:28:36: INFO: Gracefully shutting down. Please wait...
2025-06-04T14:28:37: UPDATE AVAILABLE The latest version of `serve` is 14.2.4
2025-06-04T14:28:38: INFO: Accepting connections at http://localhost:5173
2025-06-04T14:29:13: 
2025-06-04T14:29:13: INFO: Gracefully shutting down. Please wait...
2025-06-04T14:29:14: UPDATE AVAILABLE The latest version of `serve` is 14.2.4
2025-06-04T14:29:14: INFO: Accepting connections at http://localhost:5173
2025-06-04T15:36:07: 
2025-06-04T15:36:07: INFO: Gracefully shutting down. Please wait...
