Error: getaddrinfo ENOTFOUND -p
    at GetAddrInfoReqWrap.onlookup [as oncomplete] (node:dns:109:26)
Error: getaddrinfo ENOTFOUND -p
    at GetAddrInfoReqWrap.onlookup [as oncomplete] (node:dns:109:26)
Error: getaddrinfo ENOTFOUND -p
    at GetAddrInfoReqWrap.onlookup [as oncomplete] (node:dns:109:26)
Error: getaddrinfo ENOTFOUND -p
    at GetAddrInfoReqWrap.onlookup [as oncomplete] (node:dns:109:26)
Error: getaddrinfo ENOTFOUND -p
    at GetAddrInfoReqWrap.onlookup [as oncomplete] (node:dns:109:26)
Error: getaddrinfo ENOTFOUND -p
    at GetAddrInfoReqWrap.onlookup [as oncomplete] (node:dns:109:26)
Error: getaddrinfo ENOTFOUND -p
    at GetAddrInfoReqWrap.onlookup [as oncomplete] (node:dns:109:26)
Error: getaddrinfo ENOTFOUND -p
    at GetAddrInfoReqWrap.onlookup [as oncomplete] (node:dns:109:26)
Error: getaddrinfo ENOTFOUND -p
    at GetAddrInfoReqWrap.onlookup [as oncomplete] (node:dns:109:26)
Error: getaddrinfo ENOTFOUND -p
    at GetAddrInfoReqWrap.onlookup [as oncomplete] (node:dns:109:26)
Error: getaddrinfo ENOTFOUND -p
    at GetAddrInfoReqWrap.onlookup [as oncomplete] (node:dns:109:26)
Error: getaddrinfo ENOTFOUND -p
    at GetAddrInfoReqWrap.onlookup [as oncomplete] (node:dns:109:26)
Error: getaddrinfo ENOTFOUND -p
    at GetAddrInfoReqWrap.onlookup [as oncomplete] (node:dns:109:26)
Error: getaddrinfo ENOTFOUND -p
    at GetAddrInfoReqWrap.onlookup [as oncomplete] (node:dns:109:26)
Error: getaddrinfo ENOTFOUND -p
    at GetAddrInfoReqWrap.onlookup [as oncomplete] (node:dns:109:26)
Error: getaddrinfo ENOTFOUND -p
    at GetAddrInfoReqWrap.onlookup [as oncomplete] (node:dns:109:26)
Error: getaddrinfo ENOTFOUND -p
    at GetAddrInfoReqWrap.onlookup [as oncomplete] (node:dns:109:26)
Error: getaddrinfo ENOTFOUND -p
    at GetAddrInfoReqWrap.onlookup [as oncomplete] (node:dns:109:26)
Error: getaddrinfo ENOTFOUND -p
    at GetAddrInfoReqWrap.onlookup [as oncomplete] (node:dns:109:26)
Error: getaddrinfo ENOTFOUND -p
    at GetAddrInfoReqWrap.onlookup [as oncomplete] (node:dns:109:26)
Error: getaddrinfo ENOTFOUND -p
    at GetAddrInfoReqWrap.onlookup [as oncomplete] (node:dns:109:26)
Error: getaddrinfo ENOTFOUND -p
    at GetAddrInfoReqWrap.onlookup [as oncomplete] (node:dns:109:26)
Error: getaddrinfo ENOTFOUND -p
    at GetAddrInfoReqWrap.onlookup [as oncomplete] (node:dns:109:26)
Error: getaddrinfo ENOTFOUND -p
    at GetAddrInfoReqWrap.onlookup [as oncomplete] (node:dns:109:26)
Error: getaddrinfo ENOTFOUND -p
    at GetAddrInfoReqWrap.onlookup [as oncomplete] (node:dns:109:26)
Error: getaddrinfo ENOTFOUND -p
    at GetAddrInfoReqWrap.onlookup [as oncomplete] (node:dns:109:26)
Error: getaddrinfo ENOTFOUND -p
    at GetAddrInfoReqWrap.onlookup [as oncomplete] (node:dns:109:26)
Error: getaddrinfo ENOTFOUND -p
    at GetAddrInfoReqWrap.onlookup [as oncomplete] (node:dns:109:26)
Error: getaddrinfo ENOTFOUND -p
    at GetAddrInfoReqWrap.onlookup [as oncomplete] (node:dns:109:26)
Error: getaddrinfo ENOTFOUND -p
    at GetAddrInfoReqWrap.onlookup [as oncomplete] (node:dns:109:26)
Error: getaddrinfo ENOTFOUND -p
    at GetAddrInfoReqWrap.onlookup [as oncomplete] (node:dns:109:26)
Error: getaddrinfo ENOTFOUND -p
    at GetAddrInfoReqWrap.onlookup [as oncomplete] (node:dns:109:26)
Error: getaddrinfo ENOTFOUND -p
    at GetAddrInfoReqWrap.onlookup [as oncomplete] (node:dns:109:26)
Error: getaddrinfo ENOTFOUND -p
    at GetAddrInfoReqWrap.onlookup [as oncomplete] (node:dns:109:26)
Error: getaddrinfo ENOTFOUND -p
    at GetAddrInfoReqWrap.onlookup [as oncomplete] (node:dns:109:26)
Error: getaddrinfo ENOTFOUND -p
    at GetAddrInfoReqWrap.onlookup [as oncomplete] (node:dns:109:26)
Error: getaddrinfo ENOTFOUND -p
    at GetAddrInfoReqWrap.onlookup [as oncomplete] (node:dns:109:26)
2025-06-04T02:57:51: Error: getaddrinfo ENOTFOUND -p
2025-06-04T02:57:51:     at GetAddrInfoReqWrap.onlookup [as oncomplete] (node:dns:109:26) {
2025-06-04T02:57:51:   errno: -3008,
2025-06-04T02:57:51:   code: 'ENOTFOUND',
2025-06-04T02:57:51:   syscall: 'getaddrinfo',
2025-06-04T02:57:51:   hostname: '-p'
2025-06-04T02:57:51: }
2025-06-04T02:57:56: Error: getaddrinfo ENOTFOUND -p
2025-06-04T02:57:56:     at GetAddrInfoReqWrap.onlookup [as oncomplete] (node:dns:109:26) {
2025-06-04T02:57:56:   errno: -3008,
2025-06-04T02:57:56:   code: 'ENOTFOUND',
2025-06-04T02:57:56:   syscall: 'getaddrinfo',
2025-06-04T02:57:56:   hostname: '-p'
2025-06-04T02:57:56: }
2025-06-04T02:58:02: Error: getaddrinfo ENOTFOUND -p
2025-06-04T02:58:02:     at GetAddrInfoReqWrap.onlookup [as oncomplete] (node:dns:109:26) {
2025-06-04T02:58:02:   errno: -3008,
2025-06-04T02:58:02:   code: 'ENOTFOUND',
2025-06-04T02:58:02:   syscall: 'getaddrinfo',
2025-06-04T02:58:02:   hostname: '-p'
2025-06-04T02:58:02: }
2025-06-04T02:58:07: Error: getaddrinfo ENOTFOUND -p
2025-06-04T02:58:07:     at GetAddrInfoReqWrap.onlookup [as oncomplete] (node:dns:109:26) {
2025-06-04T02:58:07:   errno: -3008,
2025-06-04T02:58:07:   code: 'ENOTFOUND',
2025-06-04T02:58:07:   syscall: 'getaddrinfo',
2025-06-04T02:58:07:   hostname: '-p'
2025-06-04T02:58:07: }
2025-06-04T02:58:13: Error: getaddrinfo ENOTFOUND -p
2025-06-04T02:58:13:     at GetAddrInfoReqWrap.onlookup [as oncomplete] (node:dns:109:26) {
2025-06-04T02:58:13:   errno: -3008,
2025-06-04T02:58:13:   code: 'ENOTFOUND',
2025-06-04T02:58:13:   syscall: 'getaddrinfo',
2025-06-04T02:58:13:   hostname: '-p'
2025-06-04T02:58:13: }
2025-06-04T02:59:54: Error [ERR_REQUIRE_ESM]: require() of ES Module /usr/local/lib/node_modules/serve/build/main.js not supported.
2025-06-04T02:59:54: Instead change the require of main.js in null to a dynamic import() which is available in all CommonJS modules.
2025-06-04T02:59:54:     at Object.<anonymous> (/usr/local/lib/node_modules/pm2/lib/ProcessContainerFork.js:33:23) {
2025-06-04T02:59:54:   code: 'ERR_REQUIRE_ESM'
2025-06-04T02:59:54: }
2025-06-04T02:59:59: Error [ERR_REQUIRE_ESM]: require() of ES Module /usr/local/lib/node_modules/serve/build/main.js not supported.
2025-06-04T02:59:59: Instead change the require of main.js in null to a dynamic import() which is available in all CommonJS modules.
2025-06-04T02:59:59:     at Object.<anonymous> (/usr/local/lib/node_modules/pm2/lib/ProcessContainerFork.js:33:23) {
2025-06-04T02:59:59:   code: 'ERR_REQUIRE_ESM'
2025-06-04T02:59:59: }
2025-06-04T03:00:05: Error [ERR_REQUIRE_ESM]: require() of ES Module /usr/local/lib/node_modules/serve/build/main.js not supported.
2025-06-04T03:00:05: Instead change the require of main.js in null to a dynamic import() which is available in all CommonJS modules.
2025-06-04T03:00:05:     at Object.<anonymous> (/usr/local/lib/node_modules/pm2/lib/ProcessContainerFork.js:33:23) {
2025-06-04T03:00:05:   code: 'ERR_REQUIRE_ESM'
2025-06-04T03:00:05: }
2025-06-04T03:00:10: Error [ERR_REQUIRE_ESM]: require() of ES Module /usr/local/lib/node_modules/serve/build/main.js not supported.
2025-06-04T03:00:10: Instead change the require of main.js in null to a dynamic import() which is available in all CommonJS modules.
2025-06-04T03:00:10:     at Object.<anonymous> (/usr/local/lib/node_modules/pm2/lib/ProcessContainerFork.js:33:23) {
2025-06-04T03:00:10:   code: 'ERR_REQUIRE_ESM'
2025-06-04T03:00:10: }
2025-06-04T03:00:16: Error [ERR_REQUIRE_ESM]: require() of ES Module /usr/local/lib/node_modules/serve/build/main.js not supported.
2025-06-04T03:00:16: Instead change the require of main.js in null to a dynamic import() which is available in all CommonJS modules.
2025-06-04T03:00:16:     at Object.<anonymous> (/usr/local/lib/node_modules/pm2/lib/ProcessContainerFork.js:33:23) {
2025-06-04T03:00:16:   code: 'ERR_REQUIRE_ESM'
2025-06-04T03:00:16: }
2025-06-04T03:02:20: Error [ERR_REQUIRE_ESM]: require() of ES Module /usr/local/lib/node_modules/serve/build/main.js not supported.
2025-06-04T03:02:20: Instead change the require of main.js in null to a dynamic import() which is available in all CommonJS modules.
2025-06-04T03:02:20:     at Object.<anonymous> (/usr/local/lib/node_modules/pm2/lib/ProcessContainerFork.js:33:23) {
2025-06-04T03:02:20:   code: 'ERR_REQUIRE_ESM'
2025-06-04T03:02:20: }
2025-06-04T03:02:25: Error [ERR_REQUIRE_ESM]: require() of ES Module /usr/local/lib/node_modules/serve/build/main.js not supported.
2025-06-04T03:02:25: Instead change the require of main.js in null to a dynamic import() which is available in all CommonJS modules.
2025-06-04T03:02:25:     at Object.<anonymous> (/usr/local/lib/node_modules/pm2/lib/ProcessContainerFork.js:33:23) {
2025-06-04T03:02:25:   code: 'ERR_REQUIRE_ESM'
2025-06-04T03:02:25: }
2025-06-04T03:02:30: Error [ERR_REQUIRE_ESM]: require() of ES Module /usr/local/lib/node_modules/serve/build/main.js not supported.
2025-06-04T03:02:30: Instead change the require of main.js in null to a dynamic import() which is available in all CommonJS modules.
2025-06-04T03:02:30:     at Object.<anonymous> (/usr/local/lib/node_modules/pm2/lib/ProcessContainerFork.js:33:23) {
2025-06-04T03:02:30:   code: 'ERR_REQUIRE_ESM'
2025-06-04T03:02:30: }
2025-06-04T03:02:36: Error [ERR_REQUIRE_ESM]: require() of ES Module /usr/local/lib/node_modules/serve/build/main.js not supported.
2025-06-04T03:02:36: Instead change the require of main.js in null to a dynamic import() which is available in all CommonJS modules.
2025-06-04T03:02:36:     at Object.<anonymous> (/usr/local/lib/node_modules/pm2/lib/ProcessContainerFork.js:33:23) {
2025-06-04T03:02:36:   code: 'ERR_REQUIRE_ESM'
2025-06-04T03:02:36: }
2025-06-04T03:02:41: Error [ERR_REQUIRE_ESM]: require() of ES Module /usr/local/lib/node_modules/serve/build/main.js not supported.
2025-06-04T03:02:41: Instead change the require of main.js in null to a dynamic import() which is available in all CommonJS modules.
2025-06-04T03:02:41:     at Object.<anonymous> (/usr/local/lib/node_modules/pm2/lib/ProcessContainerFork.js:33:23) {
2025-06-04T03:02:41:   code: 'ERR_REQUIRE_ESM'
2025-06-04T03:02:41: }
