2025-06-04T03:03:33:  INFO  Accepting connections at http://localhost:5173
2025-06-04T03:04:38: 
2025-06-04T03:04:38:  INFO  Gracefully shutting down. Please wait...
2025-06-04T03:04:42: UPDATE AVAILABLE The latest version of `serve` is 14.2.4
2025-06-04T03:04:42: INFO: Accepting connections at http://localhost:5173
2025-06-04T03:38:41: 
2025-06-04T03:38:41: INFO: Gracefully shutting down. Please wait...
2025-06-04T03:38:43: UPDATE AVAILABLE The latest version of `serve` is 14.2.4
2025-06-04T03:38:43: INFO: Accepting connections at http://localhost:5173
2025-06-04T13:23:23: 
2025-06-04T13:23:23: INFO: Gracefully shutting down. Please wait...
2025-06-04T13:23:26: UPDATE AVAILABLE The latest version of `serve` is 14.2.4
2025-06-04T13:23:26: INFO: Accepting connections at http://localhost:5173
2025-06-04T13:35:51: 
2025-06-04T13:35:51: INFO: Gracefully shutting down. Please wait...
2025-06-04T13:35:53: UPDATE AVAILABLE The latest version of `serve` is 14.2.4
2025-06-04T13:35:53: INFO: Accepting connections at http://localhost:5173
2025-06-04T13:36:12: 
2025-06-04T13:36:12: INFO: Gracefully shutting down. Please wait...
2025-06-04T13:36:14: UPDATE AVAILABLE The latest version of `serve` is 14.2.4
2025-06-04T13:36:15: INFO: Accepting connections at http://localhost:5173
2025-06-04T13:37:12: 
2025-06-04T13:37:12: INFO: Gracefully shutting down. Please wait...
2025-06-04T13:37:42: UPDATE AVAILABLE The latest version of `serve` is 14.2.4
2025-06-04T13:37:42: INFO: Accepting connections at http://localhost:5173
2025-06-04T13:39:36: 
2025-06-04T13:39:36: INFO: Gracefully shutting down. Please wait...
2025-06-04T13:39:37: UPDATE AVAILABLE The latest version of `serve` is 14.2.4
2025-06-04T13:39:37: INFO: Accepting connections at http://localhost:5173
2025-06-04T13:39:43: 
2025-06-04T13:39:43: INFO: Gracefully shutting down. Please wait...
2025-06-04T13:39:45: UPDATE AVAILABLE The latest version of `serve` is 14.2.4
2025-06-04T13:39:45: INFO: Accepting connections at http://localhost:5173
2025-06-04T13:42:44: 
2025-06-04T13:42:44: INFO: Gracefully shutting down. Please wait...
2025-06-04T13:42:46: UPDATE AVAILABLE The latest version of `serve` is 14.2.4
2025-06-04T13:42:46: INFO: Accepting connections at http://localhost:5173
2025-06-04T13:50:38: 
2025-06-04T13:50:38: INFO: Gracefully shutting down. Please wait...
2025-06-04T13:50:40: UPDATE AVAILABLE The latest version of `serve` is 14.2.4
2025-06-04T13:50:40: INFO: Accepting connections at http://localhost:5173
2025-06-04T13:53:57: 
2025-06-04T13:53:57: INFO: Gracefully shutting down. Please wait...
2025-06-04T13:53:59: UPDATE AVAILABLE The latest version of `serve` is 14.2.4
2025-06-04T13:53:59: INFO: Accepting connections at http://localhost:5173
2025-06-04T13:54:37: 
2025-06-04T13:54:37: INFO: Gracefully shutting down. Please wait...
2025-06-04T13:54:38: UPDATE AVAILABLE The latest version of `serve` is 14.2.4
2025-06-04T13:54:38: INFO: Accepting connections at http://localhost:5173
2025-06-04T13:59:05: 
2025-06-04T13:59:05: INFO: Gracefully shutting down. Please wait...
2025-06-04T13:59:06: UPDATE AVAILABLE The latest version of `serve` is 14.2.4
2025-06-04T13:59:06: INFO: Accepting connections at http://localhost:5173
2025-06-04T14:10:26: 
2025-06-04T14:10:26: INFO: Gracefully shutting down. Please wait...
2025-06-04T14:10:27: UPDATE AVAILABLE The latest version of `serve` is 14.2.4
2025-06-04T14:10:28: INFO: Accepting connections at http://localhost:5173
2025-06-04T14:25:26: 
2025-06-04T14:25:26: INFO: Gracefully shutting down. Please wait...
2025-06-04T14:25:28: UPDATE AVAILABLE The latest version of `serve` is 14.2.4
2025-06-04T14:25:28: INFO: Accepting connections at http://localhost:5173
2025-06-04T14:28:36: 
2025-06-04T14:28:36: INFO: Gracefully shutting down. Please wait...
2025-06-04T14:28:37: UPDATE AVAILABLE The latest version of `serve` is 14.2.4
2025-06-04T14:28:38: INFO: Accepting connections at http://localhost:5173
2025-06-04T14:29:13: 
2025-06-04T14:29:13: INFO: Gracefully shutting down. Please wait...
2025-06-04T14:29:14: UPDATE AVAILABLE The latest version of `serve` is 14.2.4
2025-06-04T14:29:14: INFO: Accepting connections at http://localhost:5173
2025-06-04T15:36:07: 
2025-06-04T15:36:07: INFO: Gracefully shutting down. Please wait...
